{"/Users/leonardodias/Documents/projects/learning/ambienteHospitalarNodeJS/src/external/JSONDataSimulationLoader.ts":{"path":"/Users/leonardodias/Documents/projects/learning/ambienteHospitalarNodeJS/src/external/JSONDataSimulationLoader.ts","statementMap":{"0":{"start":{"line":2,"column":22},"end":{"line":4,"column":1}},"1":{"start":{"line":3,"column":4},"end":{"line":3,"column":62}},"2":{"start":{"line":5,"column":0},"end":{"line":5,"column":62}},"3":{"start":{"line":7,"column":31},"end":{"line":7,"column":85}},"4":{"start":{"line":8,"column":16},"end":{"line":8,"column":42}},"5":{"start":{"line":9,"column":18},"end":{"line":9,"column":46}},"6":{"start":{"line":10,"column":18},"end":{"line":10,"column":46}},"7":{"start":{"line":13,"column":8},"end":{"line":13,"column":27}},"8":{"start":{"line":14,"column":8},"end":{"line":14,"column":30}},"9":{"start":{"line":17,"column":8},"end":{"line":19,"column":9}},"10":{"start":{"line":18,"column":12},"end":{"line":18,"column":31}},"11":{"start":{"line":20,"column":8},"end":{"line":22,"column":11}},"12":{"start":{"line":21,"column":12},"end":{"line":21,"column":77}},"13":{"start":{"line":23,"column":8},"end":{"line":23,"column":27}},"14":{"start":{"line":26,"column":8},"end":{"line":28,"column":9}},"15":{"start":{"line":27,"column":12},"end":{"line":27,"column":34}},"16":{"start":{"line":29,"column":8},"end":{"line":29,"column":37}},"17":{"start":{"line":30,"column":8},"end":{"line":34,"column":11}},"18":{"start":{"line":31,"column":12},"end":{"line":33,"column":13}},"19":{"start":{"line":31,"column":29},"end":{"line":31,"column":30}},"20":{"start":{"line":32,"column":16},"end":{"line":32,"column":88}},"21":{"start":{"line":35,"column":8},"end":{"line":35,"column":30}},"22":{"start":{"line":38,"column":19},"end":{"line":38,"column":59}},"23":{"start":{"line":39,"column":22},"end":{"line":39,"column":68}},"24":{"start":{"line":40,"column":8},"end":{"line":44,"column":9}},"25":{"start":{"line":41,"column":12},"end":{"line":43,"column":15}},"26":{"start":{"line":42,"column":16},"end":{"line":42,"column":108}},"27":{"start":{"line":45,"column":8},"end":{"line":45,"column":23}},"28":{"start":{"line":48,"column":0},"end":{"line":48,"column":60}}},"fnMap":{"0":{"name":"(anonymous_0)","decl":{"start":{"line":2,"column":56},"end":{"line":2,"column":57}},"loc":{"start":{"line":2,"column":71},"end":{"line":4,"column":1}},"line":2},"1":{"name":"(anonymous_1)","decl":{"start":{"line":12,"column":4},"end":{"line":12,"column":5}},"loc":{"start":{"line":12,"column":18},"end":{"line":15,"column":5}},"line":12},"2":{"name":"(anonymous_2)","decl":{"start":{"line":16,"column":4},"end":{"line":16,"column":5}},"loc":{"start":{"line":16,"column":16},"end":{"line":24,"column":5}},"line":16},"3":{"name":"(anonymous_3)","decl":{"start":{"line":20,"column":63},"end":{"line":20,"column":64}},"loc":{"start":{"line":20,"column":72},"end":{"line":22,"column":9}},"line":20},"4":{"name":"(anonymous_4)","decl":{"start":{"line":25,"column":4},"end":{"line":25,"column":5}},"loc":{"start":{"line":25,"column":19},"end":{"line":36,"column":5}},"line":25},"5":{"name":"(anonymous_5)","decl":{"start":{"line":30,"column":56},"end":{"line":30,"column":57}},"loc":{"start":{"line":30,"column":73},"end":{"line":34,"column":9}},"line":30},"6":{"name":"(anonymous_6)","decl":{"start":{"line":37,"column":4},"end":{"line":37,"column":5}},"loc":{"start":{"line":37,"column":50},"end":{"line":46,"column":5}},"line":37},"7":{"name":"(anonymous_7)","decl":{"start":{"line":41,"column":43},"end":{"line":41,"column":44}},"loc":{"start":{"line":41,"column":54},"end":{"line":43,"column":13}},"line":41}},"branchMap":{"0":{"loc":{"start":{"line":2,"column":22},"end":{"line":4,"column":1}},"type":"binary-expr","locations":[{"start":{"line":2,"column":23},"end":{"line":2,"column":27}},{"start":{"line":2,"column":31},"end":{"line":2,"column":51}},{"start":{"line":2,"column":56},"end":{"line":4,"column":1}}],"line":2},"1":{"loc":{"start":{"line":3,"column":11},"end":{"line":3,"column":61}},"type":"cond-expr","locations":[{"start":{"line":3,"column":37},"end":{"line":3,"column":40}},{"start":{"line":3,"column":43},"end":{"line":3,"column":61}}],"line":3},"2":{"loc":{"start":{"line":3,"column":12},"end":{"line":3,"column":33}},"type":"binary-expr","locations":[{"start":{"line":3,"column":12},"end":{"line":3,"column":15}},{"start":{"line":3,"column":19},"end":{"line":3,"column":33}}],"line":3},"3":{"loc":{"start":{"line":17,"column":8},"end":{"line":19,"column":9}},"type":"if","locations":[{"start":{"line":17,"column":8},"end":{"line":19,"column":9}},{"start":{"line":17,"column":8},"end":{"line":19,"column":9}}],"line":17},"4":{"loc":{"start":{"line":26,"column":8},"end":{"line":28,"column":9}},"type":"if","locations":[{"start":{"line":26,"column":8},"end":{"line":28,"column":9}},{"start":{"line":26,"column":8},"end":{"line":28,"column":9}}],"line":26},"5":{"loc":{"start":{"line":40,"column":8},"end":{"line":44,"column":9}},"type":"if","locations":[{"start":{"line":40,"column":8},"end":{"line":44,"column":9}},{"start":{"line":40,"column":8},"end":{"line":44,"column":9}}],"line":40}},"s":{"0":1,"1":1,"2":1,"3":1,"4":1,"5":1,"6":1,"7":1,"8":1,"9":2,"10":1,"11":1,"12":1,"13":1,"14":1,"15":0,"16":1,"17":1,"18":3,"19":3,"20":200,"21":1,"22":200,"23":200,"24":200,"25":150,"26":150,"27":200,"28":1},"f":{"0":1,"1":1,"2":2,"3":1,"4":1,"5":3,"6":200,"7":150},"b":{"0":[1,1,1],"1":[0,1],"2":[1,1],"3":[1,1],"4":[0,1],"5":[150,50]},"inputSourceMap":{"version":3,"file":"/Users/leonardodias/Documents/projects/learning/ambienteHospitalarNodeJS/src/external/JSONDataSimulationLoader.ts","sources":["/Users/leonardodias/Documents/projects/learning/ambienteHospitalarNodeJS/src/external/JSONDataSimulationLoader.ts"],"names":[],"mappings":";;;;;AAAA,uDAAuD;AACvD,sFAAwD;AACxD,2CAAwC;AACxC,+CAA4C;AAC5C,+CAA4C;AAG5C,MAAa,wBAAwB;IAArC;QAEY,WAAM,GAAa,IAAI,CAAC;QACxB,cAAS,GAAe,IAAI,CAAC;IAqCzC,CAAC;IAnCU,SAAS;QACZ,IAAI,IAAI,CAAC,MAAM,IAAI,IAAI,EAAE;YACrB,OAAO,IAAI,CAAC,MAAM,CAAC;SACtB;QACA,IAAI,CAAC,MAAM,GAAG,8BAAc,CAAC,KAAK,CAAC,GAAG,CAAC,KAAK,CAAC,EAAE;YAC5C,OAAO,IAAI,aAAK,CAAC,KAAK,CAAC,IAAI,EAAE,KAAK,CAAC,oBAAoB,CAAC,CAAC;QAC7D,CAAC,CAAC,CAAC;QACH,OAAO,IAAI,CAAC,MAAM,CAAC;IACvB,CAAC;IAEM,YAAY;QACf,IAAI,IAAI,CAAC,SAAS,IAAI,IAAI,EAAE;YACxB,OAAO,IAAI,CAAC,SAAS,CAAC;SACzB;QACD,IAAI,CAAC,SAAS,GAAG,IAAI,KAAK,EAAW,CAAA;QACrC,8BAAc,CAAC,QAAQ,CAAC,OAAO,CAAC,aAAa,CAAC,EAAE;YAC5C,KAAK,IAAI,KAAK,GAAG,CAAC,EAAE,KAAK,GAAG,aAAa,CAAC,WAAW,EAAE,KAAK,EAAE,EAAE;gBAC5D,IAAI,CAAC,SAAS,CAAC,IAAI,CAAC,IAAI,CAAC,uBAAuB,CAAC,aAAa,EAAE,KAAK,CAAC,CAAC,CAAC;aAC3E;QACL,CAAC,CAAC,CAAC;QACH,OAAO,IAAI,CAAC,SAAS,CAAC;IAC1B,CAAC;IAEO,uBAAuB,CAAC,aAAa,EAAE,KAAK;QAChD,IAAI,IAAI,GAAE,GAAG,aAAa,CAAC,UAAU,KAAK,KAAK,GAAG,CAAC;QACnD,IAAI,OAAO,GAAG,IAAI,iBAAO,CAAC,IAAI,EAAE,aAAa,CAAC,GAAG,CAAC,CAAC;QACnD,IAAI,aAAa,CAAC,QAAQ,IAAI,IAAI,EAAE;YAChC,aAAa,CAAC,QAAQ,CAAC,OAAO,CAAC,OAAO,CAAC,EAAE;gBACrC,OAAO,CAAC,UAAU,CACd,IAAI,iBAAO,CAAC,OAAO,CAAC,IAAI,EACpB,OAAO,CAAC,0BAA0B,CAAC,CAAC,CAAC;YACjD,CAAC,CAAC,CAAC;SACN;QACD,OAAO,OAAO,CAAC;IACnB,CAAC;CACJ;AAxCD,4DAwCC","sourcesContent":["//TODO parametrise the input of the file to better test\nimport dataSimulation from '../../data_simulation.json';\nimport { Virus } from '../domain/Virus';\nimport { Patient } from '../domain/Patient';\nimport { Desease } from '../domain/Desease';\nimport { DataSimulationLoader } from '../domain/DataSimulationLoader';\n\nexport class JSONDataSimulationLoader implements DataSimulationLoader {\n\n    private _virus : Virus[] = null;\n    private _patients : Patient[] = null;\n \n    public loadVirus() : Virus[] {\n        if (this._virus != null) {\n            return this._virus;\n        }\n         this._virus = dataSimulation.virus.map(virus => {\n            return new Virus(virus.name, virus.infectRatePercentage);\n        });\n        return this._virus;\n    }\n\n    public loadPatients() : Patient[] {\n        if (this._patients != null) {\n            return this._patients;\n        }\n        this._patients = new Array<Patient>()\n        dataSimulation.patients.forEach(patientConfig => {\n            for (let index = 0; index < patientConfig.totalNumber; index++) {\n                this._patients.push(this.buildPatientWithDesease(patientConfig, index));\n            } \n        });\n        return this._patients;\n    }\n\n    private buildPatientWithDesease(patientConfig, index) : Patient {\n        var name =`${patientConfig.prefixName} [${index}]`;\n        var patient = new Patient(name, patientConfig.age);\n        if (patientConfig.diseases != null) {\n            patientConfig.diseases.forEach(desease => {\n                patient.addDesease(\n                    new Desease(desease.name,\n                        desease.complicationRatePercentage));\n            });\n        }\n        return patient;\n    }\n}"]},"_coverageSchema":"1a1c01bbd47fc00a2c39e90264f33305004495a9","hash":"c6e91e1755ea8a3490574a1db307032de25a91ed","contentHash":"3154d3c5405e54abdbd5066e4e7348924c3cbd84f2aa2f7911f8bc25d1e23705"},"/Users/leonardodias/Documents/projects/learning/ambienteHospitalarNodeJS/src/domain/Virus.ts":{"path":"/Users/leonardodias/Documents/projects/learning/ambienteHospitalarNodeJS/src/domain/Virus.ts","statementMap":{"0":{"start":{"line":2,"column":0},"end":{"line":2,"column":62}},"1":{"start":{"line":5,"column":8},"end":{"line":5,"column":26}},"2":{"start":{"line":6,"column":8},"end":{"line":6,"column":44}},"3":{"start":{"line":9,"column":8},"end":{"line":9,"column":35}},"4":{"start":{"line":12,"column":8},"end":{"line":12,"column":26}},"5":{"start":{"line":15,"column":0},"end":{"line":15,"column":22}}},"fnMap":{"0":{"name":"(anonymous_0)","decl":{"start":{"line":4,"column":4},"end":{"line":4,"column":5}},"loc":{"start":{"line":4,"column":37},"end":{"line":7,"column":5}},"line":4},"1":{"name":"(anonymous_1)","decl":{"start":{"line":8,"column":4},"end":{"line":8,"column":5}},"loc":{"start":{"line":8,"column":24},"end":{"line":10,"column":5}},"line":8},"2":{"name":"(anonymous_2)","decl":{"start":{"line":11,"column":4},"end":{"line":11,"column":5}},"loc":{"start":{"line":11,"column":15},"end":{"line":13,"column":5}},"line":11}},"branchMap":{},"s":{"0":1,"1":1,"2":1,"3":1,"4":1,"5":1},"f":{"0":1,"1":1,"2":1},"b":{},"inputSourceMap":{"version":3,"file":"/Users/leonardodias/Documents/projects/learning/ambienteHospitalarNodeJS/src/domain/Virus.ts","sources":["/Users/leonardodias/Documents/projects/learning/ambienteHospitalarNodeJS/src/domain/Virus.ts"],"names":[],"mappings":";;AAAA,MAAa,KAAK;IAIjB,YAAY,IAAY,EAAE,aAAqB;QACxC,IAAI,CAAC,KAAK,GAAG,IAAI,CAAC;QAClB,IAAI,CAAC,cAAc,GAAG,aAAa,CAAC;IAC3C,CAAC;IAEE,IAAW,aAAa;QACpB,OAAO,IAAI,CAAC,cAAc,CAAC;IAC/B,CAAC;IAED,IAAW,IAAI;QACX,OAAO,IAAI,CAAC,KAAK,CAAC;IACtB,CAAC;CACJ;AAhBD,sBAgBC","sourcesContent":["export class Virus {\n    private _infectionRate: number;\n    private _name: string;\n\n\tconstructor(name: string, infectionRate: number) {\n        this._name = name;\n        this._infectionRate = infectionRate;\n\t}\n\n    public get infectionRate(): number {\n        return this._infectionRate;\n    }\n\n    public get name(): string {\n        return this._name;\n    }\n}"]},"_coverageSchema":"1a1c01bbd47fc00a2c39e90264f33305004495a9","hash":"92effb27383c4371de2477c25e41bc2abd0dda24","contentHash":"e59320d09f26a4546a0e9261a5466715cccdab3e3480037983b92842806edf8e"},"/Users/leonardodias/Documents/projects/learning/ambienteHospitalarNodeJS/src/domain/Patient.ts":{"path":"/Users/leonardodias/Documents/projects/learning/ambienteHospitalarNodeJS/src/domain/Patient.ts","statementMap":{"0":{"start":{"line":2,"column":0},"end":{"line":2,"column":62}},"1":{"start":{"line":5,"column":8},"end":{"line":5,"column":22}},"2":{"start":{"line":6,"column":8},"end":{"line":6,"column":37}},"3":{"start":{"line":7,"column":8},"end":{"line":7,"column":29}},"4":{"start":{"line":8,"column":8},"end":{"line":8,"column":27}},"5":{"start":{"line":11,"column":8},"end":{"line":11,"column":39}},"6":{"start":{"line":14,"column":8},"end":{"line":14,"column":25}},"7":{"start":{"line":17,"column":8},"end":{"line":17,"column":26}},"8":{"start":{"line":20,"column":8},"end":{"line":20,"column":30}},"9":{"start":{"line":23,"column":0},"end":{"line":23,"column":26}}},"fnMap":{"0":{"name":"(anonymous_0)","decl":{"start":{"line":4,"column":4},"end":{"line":4,"column":5}},"loc":{"start":{"line":4,"column":33},"end":{"line":9,"column":5}},"line":4},"1":{"name":"(anonymous_1)","decl":{"start":{"line":10,"column":4},"end":{"line":10,"column":5}},"loc":{"start":{"line":10,"column":26},"end":{"line":12,"column":5}},"line":10},"2":{"name":"(anonymous_2)","decl":{"start":{"line":13,"column":4},"end":{"line":13,"column":5}},"loc":{"start":{"line":13,"column":14},"end":{"line":15,"column":5}},"line":13},"3":{"name":"(anonymous_3)","decl":{"start":{"line":16,"column":4},"end":{"line":16,"column":5}},"loc":{"start":{"line":16,"column":15},"end":{"line":18,"column":5}},"line":16},"4":{"name":"(anonymous_4)","decl":{"start":{"line":19,"column":4},"end":{"line":19,"column":5}},"loc":{"start":{"line":19,"column":19},"end":{"line":21,"column":5}},"line":19}},"branchMap":{},"s":{"0":1,"1":200,"2":200,"3":200,"4":200,"5":150,"6":0,"7":0,"8":0,"9":1},"f":{"0":200,"1":150,"2":0,"3":0,"4":0},"b":{},"inputSourceMap":{"version":3,"file":"/Users/leonardodias/Documents/projects/learning/ambienteHospitalarNodeJS/src/domain/Patient.ts","sources":["/Users/leonardodias/Documents/projects/learning/ambienteHospitalarNodeJS/src/domain/Patient.ts"],"names":[],"mappings":";;AAEA,MAAa,OAAO;IAKjB,YAAY,OAAgB,EAAE,MAAe;QAHpC,SAAI,GAAY,CAAC,CAAC;QAClB,cAAS,GAAoB,IAAI,KAAK,EAAE,CAAC;QAGjD,IAAI,CAAC,KAAK,GAAG,OAAO,CAAC;QACrB,IAAI,CAAC,IAAI,GAAG,MAAM,CAAC;IACpB,CAAC;IAEM,UAAU,CAAC,SAAmB;QACpC,IAAI,CAAC,SAAS,CAAC,IAAI,CAAC,SAAS,CAAC,CAAC;IAChC,CAAC;IAEH,IAAW,GAAG;QACb,OAAO,IAAI,CAAC,IAAI,CAAC;IACf,CAAC;IAEJ,IAAW,IAAI;QACd,OAAO,IAAI,CAAC,KAAK,CAAC;IAChB,CAAC;IAEJ,IAAW,QAAQ;QAClB,OAAO,IAAI,CAAC,SAAS,CAAC;IACvB,CAAC;CACD;AAzBD,0BAyBC","sourcesContent":["import { Desease } from \"./Desease\";\n\nexport class Patient {\n    private _name : string;\n    private _age : number = 0;\n    private _deseases : Array<Desease> = new Array();\n\n   constructor(nameArg : string, ageArg : number) {\n    this._name = nameArg;\n    this._age = ageArg;\n   }\n\n   public addDesease(pathology : Desease ) {\n    this._deseases.push(pathology);\n   }\n\n\tpublic get age(): number  {\n\t\treturn this._age;\n    }\n    \n\tpublic get name(): string {\n\t\treturn this._name;\n    }\n    \n\tpublic get deseases(): Array<Desease>  {\n\t\treturn this._deseases;\n\t}\n}"]},"_coverageSchema":"1a1c01bbd47fc00a2c39e90264f33305004495a9","hash":"5fe05f14d2ad5acd289ca51600c5af93ad8dbde8","contentHash":"5d2e770ad2391c2c06209d77d1ccdcf4e5e2ddb40847adf09f7c6e7490990793"},"/Users/leonardodias/Documents/projects/learning/ambienteHospitalarNodeJS/src/domain/Desease.ts":{"path":"/Users/leonardodias/Documents/projects/learning/ambienteHospitalarNodeJS/src/domain/Desease.ts","statementMap":{"0":{"start":{"line":2,"column":0},"end":{"line":2,"column":62}},"1":{"start":{"line":5,"column":8},"end":{"line":5,"column":26}},"2":{"start":{"line":6,"column":8},"end":{"line":6,"column":58}},"3":{"start":{"line":9,"column":8},"end":{"line":9,"column":42}},"4":{"start":{"line":12,"column":8},"end":{"line":12,"column":26}},"5":{"start":{"line":15,"column":0},"end":{"line":15,"column":26}}},"fnMap":{"0":{"name":"(anonymous_0)","decl":{"start":{"line":4,"column":4},"end":{"line":4,"column":5}},"loc":{"start":{"line":4,"column":44},"end":{"line":7,"column":5}},"line":4},"1":{"name":"(anonymous_1)","decl":{"start":{"line":8,"column":4},"end":{"line":8,"column":5}},"loc":{"start":{"line":8,"column":31},"end":{"line":10,"column":5}},"line":8},"2":{"name":"(anonymous_2)","decl":{"start":{"line":11,"column":4},"end":{"line":11,"column":5}},"loc":{"start":{"line":11,"column":15},"end":{"line":13,"column":5}},"line":11}},"branchMap":{},"s":{"0":1,"1":150,"2":150,"3":0,"4":0,"5":1},"f":{"0":150,"1":0,"2":0},"b":{},"inputSourceMap":{"version":3,"file":"/Users/leonardodias/Documents/projects/learning/ambienteHospitalarNodeJS/src/domain/Desease.ts","sources":["/Users/leonardodias/Documents/projects/learning/ambienteHospitalarNodeJS/src/domain/Desease.ts"],"names":[],"mappings":";;AAAA,MAAa,OAAO;IAKnB,YAAY,IAAa,EAAE,oBAA6B;QACjD,IAAI,CAAC,KAAK,GAAG,IAAI,CAAC;QAClB,IAAI,CAAC,qBAAqB,GAAG,oBAAoB,CAAC;IACzD,CAAC;IAED,IAAW,oBAAoB;QAC9B,OAAO,IAAI,CAAC,qBAAqB,CAAC;IACnC,CAAC;IAGD,IAAW,IAAI;QACd,OAAO,IAAI,CAAC,KAAK,CAAC;IACnB,CAAC;CAED;AAnBD,0BAmBC","sourcesContent":["export class Desease {\n\n    private _name : string;\n    private _complicatingRiskRate : number;\n\n\tconstructor(name : string, complicatingRiskRate : number) {\n        this._name = name;\n        this._complicatingRiskRate = complicatingRiskRate;\n\t}\n\n\tpublic get complicatingRiskRate(): number {\n\t\treturn this._complicatingRiskRate;\n\t}\n\n\n\tpublic get name(): string {\n\t\treturn this._name;\n\t}\n    \n}"]},"_coverageSchema":"1a1c01bbd47fc00a2c39e90264f33305004495a9","hash":"6edb66af2cd3ef2832b6c39596c563b6f3f8982e","contentHash":"cc2d310740b0c040a9ed6f3f8817a1d4e38d8b756a74be4043166678d8ed0bcb"}}